<?xml version="1.0" encoding="UTF-8"?>
<!-- Generated by org.testng.reporters.JUnitXMLReporter -->
<testsuite ignored="0" hostname="DESKTOP-HAIP0E2" failures="0" tests="4" name="Task tests" time="6.312" errors="0" timestamp="2020-06-26T17:20:36 MSK">
  <testcase classname="com.apitests.test.suites.task.HelloTest" name="helloRequestCorrectValuesTest" time="3.841"/>
  <testcase classname="com.apitests.test.suites.task.HelloTest" name="helloRequestIncorrectValuesTest" time="0.621"/>
  <testcase classname="com.apitests.test.suites.task.HelloTest" name="helloRequestIncorrectValuesTest" time="0.141"/>
  <testcase classname="com.apitests.test.suites.task.HelloTest" name="helloRequestIncorrectValuesTest" time="0.14"/>
</testsuite> <!-- Task tests -->
