<?xml version="1.0" encoding="UTF-8"?>
<!-- Generated by org.testng.reporters.JUnitXMLReporter -->
<testsuite ignored="0" hostname="DESKTOP-HAIP0E2" failures="0" tests="4" name="Task tests" time="4.677" errors="0" timestamp="2020-06-26T16:36:49 MSK">
  <testcase classname="com.apitests.test.suites.task.HelloTest" name="helloRequestCorrectValuesTest" time="2.833"/>
  <testcase classname="com.apitests.test.suites.task.HelloTest" name="helloRequestIncorrectValuesTest" time="0.184"/>
  <testcase classname="com.apitests.test.suites.task.HelloTest" name="helloRequestIncorrectValuesTest" time="0.133"/>
  <testcase classname="com.apitests.test.suites.task.HelloTest" name="helloRequestIncorrectValuesTest" time="0.26"/>
</testsuite> <!-- Task tests -->
