<?xml version="1.0" encoding="UTF-8"?>
<testng-results ignored="0" total="4" passed="4" failed="0" skipped="0">
  <reporter-output>
  </reporter-output>
  <suite started-at="2020-06-26T17:20:30 MSK" name="todoist" finished-at="2020-06-26T17:20:36 MSK" duration-ms="6312">
    <groups>
    </groups>
    <test started-at="2020-06-26T17:20:30 MSK" name="Task tests" finished-at="2020-06-26T17:20:36 MSK" duration-ms="6312">
      <class name="com.apitests.test.suites.task.HelloTest">
        <test-method is-config="true" signature="browserSetup()[pri:0, instance:com.apitests.test.suites.task.HelloTest@3c947bc5]" started-at="2020-06-26T17:20:29 MSK" name="browserSetup" finished-at="2020-06-26T17:20:30 MSK" duration-ms="914" status="PASS">
          <reporter-output>
          </reporter-output>
        </test-method> <!-- browserSetup -->
        <test-method is-config="true" signature="beforeClass()[pri:0, instance:com.apitests.test.suites.task.HelloTest@3c947bc5]" started-at="2020-06-26T17:20:30 MSK" name="beforeClass" finished-at="2020-06-26T17:20:30 MSK" duration-ms="138" status="PASS">
          <reporter-output>
          </reporter-output>
        </test-method> <!-- beforeClass -->
        <test-method is-config="true" signature="beforeEachTest()[pri:0, instance:com.apitests.test.suites.task.HelloTest@3c947bc5]" started-at="2020-06-26T17:20:30 MSK" name="beforeEachTest" finished-at="2020-06-26T17:20:30 MSK" duration-ms="5" status="PASS">
          <reporter-output>
          </reporter-output>
        </test-method> <!-- beforeEachTest -->
        <test-method signature="helloRequestCorrectValuesTest()[pri:0, instance:com.apitests.test.suites.task.HelloTest@3c947bc5]" started-at="2020-06-26T17:20:30 MSK" name="helloRequestCorrectValuesTest" finished-at="2020-06-26T17:20:34 MSK" duration-ms="3841" status="PASS">
          <reporter-output>
          </reporter-output>
        </test-method> <!-- helloRequestCorrectValuesTest -->
        <test-method is-config="true" signature="afterMethod(org.testng.ITestResult)[pri:0, instance:com.apitests.test.suites.task.HelloTest@3c947bc5]" started-at="2020-06-26T17:20:34 MSK" name="afterMethod" finished-at="2020-06-26T17:20:34 MSK" duration-ms="780" status="PASS">
          <params>
            <param index="0">
              <value>
                <![CDATA[[TestResult name=helloRequestCorrectValuesTest status=SUCCESS method=HelloTest.helloRequestCorrectValuesTest()[pri:0, instance:com.apitests.test.suites.task.HelloTest@3c947bc5] output={null}]]]>
              </value>
            </param>
          </params>
          <reporter-output>
          </reporter-output>
        </test-method> <!-- afterMethod -->
        <test-method signature="helloRequestIncorrectValuesTest(com.apitests.test.data.entities.SessionData)[pri:0, instance:com.apitests.test.suites.task.HelloTest@3c947bc5]" started-at="2020-06-26T17:20:34 MSK" name="helloRequestIncorrectValuesTest" data-provider="incorrectSessionId" finished-at="2020-06-26T17:20:35 MSK" duration-ms="621" status="PASS">
          <params>
            <param index="0">
              <value>
                <![CDATA[SessionData(xSessionId=incorrect-value-4755-a7c0-951111111111)]]>
              </value>
            </param>
          </params>
          <reporter-output>
          </reporter-output>
        </test-method> <!-- helloRequestIncorrectValuesTest -->
        <test-method is-config="true" signature="beforeEachTest()[pri:0, instance:com.apitests.test.suites.task.HelloTest@3c947bc5]" started-at="2020-06-26T17:20:34 MSK" name="beforeEachTest" finished-at="2020-06-26T17:20:34 MSK" duration-ms="0" status="PASS">
          <reporter-output>
          </reporter-output>
        </test-method> <!-- beforeEachTest -->
        <test-method is-config="true" signature="afterMethod(org.testng.ITestResult)[pri:0, instance:com.apitests.test.suites.task.HelloTest@3c947bc5]" started-at="2020-06-26T17:20:35 MSK" name="afterMethod" finished-at="2020-06-26T17:20:35 MSK" duration-ms="211" status="PASS">
          <params>
            <param index="0">
              <value>
                <![CDATA[[TestResult name=helloRequestIncorrectValuesTest status=SUCCESS method=HelloTest.helloRequestIncorrectValuesTest(com.apitests.test.data.entities.SessionData)[pri:0, instance:com.apitests.test.suites.task.HelloTest@3c947bc5] output={null}]]]>
              </value>
            </param>
          </params>
          <reporter-output>
          </reporter-output>
        </test-method> <!-- afterMethod -->
        <test-method is-config="true" signature="beforeEachTest()[pri:0, instance:com.apitests.test.suites.task.HelloTest@3c947bc5]" started-at="2020-06-26T17:20:35 MSK" name="beforeEachTest" finished-at="2020-06-26T17:20:35 MSK" duration-ms="1" status="PASS">
          <reporter-output>
          </reporter-output>
        </test-method> <!-- beforeEachTest -->
        <test-method signature="helloRequestIncorrectValuesTest(com.apitests.test.data.entities.SessionData)[pri:0, instance:com.apitests.test.suites.task.HelloTest@3c947bc5]" started-at="2020-06-26T17:20:35 MSK" name="helloRequestIncorrectValuesTest" data-provider="incorrectSessionId" finished-at="2020-06-26T17:20:35 MSK" duration-ms="141" status="PASS">
          <params>
            <param index="0">
              <value>
                <![CDATA[SessionData(xSessionId=null)]]>
              </value>
            </param>
          </params>
          <reporter-output>
          </reporter-output>
        </test-method> <!-- helloRequestIncorrectValuesTest -->
        <test-method is-config="true" signature="afterMethod(org.testng.ITestResult)[pri:0, instance:com.apitests.test.suites.task.HelloTest@3c947bc5]" started-at="2020-06-26T17:20:35 MSK" name="afterMethod" finished-at="2020-06-26T17:20:36 MSK" duration-ms="197" status="PASS">
          <params>
            <param index="0">
              <value>
                <![CDATA[[TestResult name=helloRequestIncorrectValuesTest status=SUCCESS method=HelloTest.helloRequestIncorrectValuesTest(com.apitests.test.data.entities.SessionData)[pri:0, instance:com.apitests.test.suites.task.HelloTest@3c947bc5] output={null}]]]>
              </value>
            </param>
          </params>
          <reporter-output>
          </reporter-output>
        </test-method> <!-- afterMethod -->
        <test-method is-config="true" signature="beforeEachTest()[pri:0, instance:com.apitests.test.suites.task.HelloTest@3c947bc5]" started-at="2020-06-26T17:20:36 MSK" name="beforeEachTest" finished-at="2020-06-26T17:20:36 MSK" duration-ms="1" status="PASS">
          <reporter-output>
          </reporter-output>
        </test-method> <!-- beforeEachTest -->
        <test-method signature="helloRequestIncorrectValuesTest(com.apitests.test.data.entities.SessionData)[pri:0, instance:com.apitests.test.suites.task.HelloTest@3c947bc5]" started-at="2020-06-26T17:20:36 MSK" name="helloRequestIncorrectValuesTest" data-provider="incorrectSessionId" finished-at="2020-06-26T17:20:36 MSK" duration-ms="140" status="PASS">
          <params>
            <param index="0">
              <value>
                <![CDATA[SessionData(xSessionId=)]]>
              </value>
            </param>
          </params>
          <reporter-output>
          </reporter-output>
        </test-method> <!-- helloRequestIncorrectValuesTest -->
        <test-method is-config="true" signature="afterMethod(org.testng.ITestResult)[pri:0, instance:com.apitests.test.suites.task.HelloTest@3c947bc5]" started-at="2020-06-26T17:20:36 MSK" name="afterMethod" finished-at="2020-06-26T17:20:36 MSK" duration-ms="183" status="PASS">
          <params>
            <param index="0">
              <value>
                <![CDATA[[TestResult name=helloRequestIncorrectValuesTest status=SUCCESS method=HelloTest.helloRequestIncorrectValuesTest(com.apitests.test.data.entities.SessionData)[pri:0, instance:com.apitests.test.suites.task.HelloTest@3c947bc5] output={null}]]]>
              </value>
            </param>
          </params>
          <reporter-output>
          </reporter-output>
        </test-method> <!-- afterMethod -->
      </class> <!-- com.apitests.test.suites.task.HelloTest -->
    </test> <!-- Task tests -->
  </suite> <!-- todoist -->
</testng-results>
