<?xml version="1.0" encoding="UTF-8"?>
<testng-results ignored="0" total="4" passed="4" failed="0" skipped="0">
  <reporter-output>
  </reporter-output>
  <suite started-at="2020-06-26T16:36:44 MSK" name="todoist" finished-at="2020-06-26T16:36:49 MSK" duration-ms="4677">
    <groups>
    </groups>
    <test started-at="2020-06-26T16:36:44 MSK" name="Task tests" finished-at="2020-06-26T16:36:49 MSK" duration-ms="4677">
      <class name="com.apitests.test.suites.task.HelloTest">
        <test-method is-config="true" signature="browserSetup()[pri:0, instance:com.apitests.test.suites.task.HelloTest@69fb6037]" started-at="2020-06-26T16:36:43 MSK" name="browserSetup" finished-at="2020-06-26T16:36:44 MSK" duration-ms="736" status="PASS">
          <reporter-output>
          </reporter-output>
        </test-method> <!-- browserSetup -->
        <test-method is-config="true" signature="beforeClass()[pri:0, instance:com.apitests.test.suites.task.HelloTest@69fb6037]" started-at="2020-06-26T16:36:44 MSK" name="beforeClass" finished-at="2020-06-26T16:36:44 MSK" duration-ms="108" status="PASS">
          <reporter-output>
          </reporter-output>
        </test-method> <!-- beforeClass -->
        <test-method is-config="true" signature="beforeEachTest()[pri:0, instance:com.apitests.test.suites.task.HelloTest@69fb6037]" started-at="2020-06-26T16:36:44 MSK" name="beforeEachTest" finished-at="2020-06-26T16:36:44 MSK" duration-ms="4" status="PASS">
          <reporter-output>
          </reporter-output>
        </test-method> <!-- beforeEachTest -->
        <test-method signature="helloRequestCorrectValuesTest()[pri:0, instance:com.apitests.test.suites.task.HelloTest@69fb6037]" started-at="2020-06-26T16:36:44 MSK" name="helloRequestCorrectValuesTest" finished-at="2020-06-26T16:36:47 MSK" duration-ms="2833" status="PASS">
          <reporter-output>
          </reporter-output>
        </test-method> <!-- helloRequestCorrectValuesTest -->
        <test-method is-config="true" signature="afterMethod(org.testng.ITestResult)[pri:0, instance:com.apitests.test.suites.task.HelloTest@69fb6037]" started-at="2020-06-26T16:36:47 MSK" name="afterMethod" finished-at="2020-06-26T16:36:48 MSK" duration-ms="539" status="PASS">
          <params>
            <param index="0">
              <value>
                <![CDATA[[TestResult name=helloRequestCorrectValuesTest status=SUCCESS method=HelloTest.helloRequestCorrectValuesTest()[pri:0, instance:com.apitests.test.suites.task.HelloTest@69fb6037] output={null}]]]>
              </value>
            </param>
          </params>
          <reporter-output>
          </reporter-output>
        </test-method> <!-- afterMethod -->
        <test-method is-config="true" signature="beforeEachTest()[pri:0, instance:com.apitests.test.suites.task.HelloTest@69fb6037]" started-at="2020-06-26T16:36:48 MSK" name="beforeEachTest" finished-at="2020-06-26T16:36:48 MSK" duration-ms="0" status="PASS">
          <reporter-output>
          </reporter-output>
        </test-method> <!-- beforeEachTest -->
        <test-method signature="helloRequestIncorrectValuesTest(com.apitests.test.data.entities.SessionData)[pri:0, instance:com.apitests.test.suites.task.HelloTest@69fb6037]" started-at="2020-06-26T16:36:48 MSK" name="helloRequestIncorrectValuesTest" data-provider="incorrectSessionId" finished-at="2020-06-26T16:36:48 MSK" duration-ms="184" status="PASS">
          <params>
            <param index="0">
              <value>
                <![CDATA[SessionData(xSessionId=incorrect-value-4755-a7c0-951111111111)]]>
              </value>
            </param>
          </params>
          <reporter-output>
          </reporter-output>
        </test-method> <!-- helloRequestIncorrectValuesTest -->
        <test-method is-config="true" signature="afterMethod(org.testng.ITestResult)[pri:0, instance:com.apitests.test.suites.task.HelloTest@69fb6037]" started-at="2020-06-26T16:36:48 MSK" name="afterMethod" finished-at="2020-06-26T16:36:48 MSK" duration-ms="210" status="PASS">
          <params>
            <param index="0">
              <value>
                <![CDATA[[TestResult name=helloRequestIncorrectValuesTest status=SUCCESS method=HelloTest.helloRequestIncorrectValuesTest(com.apitests.test.data.entities.SessionData)[pri:0, instance:com.apitests.test.suites.task.HelloTest@69fb6037] output={null}]]]>
              </value>
            </param>
          </params>
          <reporter-output>
          </reporter-output>
        </test-method> <!-- afterMethod -->
        <test-method signature="helloRequestIncorrectValuesTest(com.apitests.test.data.entities.SessionData)[pri:0, instance:com.apitests.test.suites.task.HelloTest@69fb6037]" started-at="2020-06-26T16:36:48 MSK" name="helloRequestIncorrectValuesTest" data-provider="incorrectSessionId" finished-at="2020-06-26T16:36:48 MSK" duration-ms="133" status="PASS">
          <params>
            <param index="0">
              <value>
                <![CDATA[SessionData(xSessionId=null)]]>
              </value>
            </param>
          </params>
          <reporter-output>
          </reporter-output>
        </test-method> <!-- helloRequestIncorrectValuesTest -->
        <test-method is-config="true" signature="beforeEachTest()[pri:0, instance:com.apitests.test.suites.task.HelloTest@69fb6037]" started-at="2020-06-26T16:36:48 MSK" name="beforeEachTest" finished-at="2020-06-26T16:36:48 MSK" duration-ms="0" status="PASS">
          <reporter-output>
          </reporter-output>
        </test-method> <!-- beforeEachTest -->
        <test-method is-config="true" signature="afterMethod(org.testng.ITestResult)[pri:0, instance:com.apitests.test.suites.task.HelloTest@69fb6037]" started-at="2020-06-26T16:36:48 MSK" name="afterMethod" finished-at="2020-06-26T16:36:48 MSK" duration-ms="178" status="PASS">
          <params>
            <param index="0">
              <value>
                <![CDATA[[TestResult name=helloRequestIncorrectValuesTest status=SUCCESS method=HelloTest.helloRequestIncorrectValuesTest(com.apitests.test.data.entities.SessionData)[pri:0, instance:com.apitests.test.suites.task.HelloTest@69fb6037] output={null}]]]>
              </value>
            </param>
          </params>
          <reporter-output>
          </reporter-output>
        </test-method> <!-- afterMethod -->
        <test-method is-config="true" signature="beforeEachTest()[pri:0, instance:com.apitests.test.suites.task.HelloTest@69fb6037]" started-at="2020-06-26T16:36:48 MSK" name="beforeEachTest" finished-at="2020-06-26T16:36:48 MSK" duration-ms="0" status="PASS">
          <reporter-output>
          </reporter-output>
        </test-method> <!-- beforeEachTest -->
        <test-method signature="helloRequestIncorrectValuesTest(com.apitests.test.data.entities.SessionData)[pri:0, instance:com.apitests.test.suites.task.HelloTest@69fb6037]" started-at="2020-06-26T16:36:48 MSK" name="helloRequestIncorrectValuesTest" data-provider="incorrectSessionId" finished-at="2020-06-26T16:36:49 MSK" duration-ms="260" status="PASS">
          <params>
            <param index="0">
              <value>
                <![CDATA[SessionData(xSessionId=)]]>
              </value>
            </param>
          </params>
          <reporter-output>
          </reporter-output>
        </test-method> <!-- helloRequestIncorrectValuesTest -->
        <test-method is-config="true" signature="afterMethod(org.testng.ITestResult)[pri:0, instance:com.apitests.test.suites.task.HelloTest@69fb6037]" started-at="2020-06-26T16:36:49 MSK" name="afterMethod" finished-at="2020-06-26T16:36:49 MSK" duration-ms="173" status="PASS">
          <params>
            <param index="0">
              <value>
                <![CDATA[[TestResult name=helloRequestIncorrectValuesTest status=SUCCESS method=HelloTest.helloRequestIncorrectValuesTest(com.apitests.test.data.entities.SessionData)[pri:0, instance:com.apitests.test.suites.task.HelloTest@69fb6037] output={null}]]]>
              </value>
            </param>
          </params>
          <reporter-output>
          </reporter-output>
        </test-method> <!-- afterMethod -->
      </class> <!-- com.apitests.test.suites.task.HelloTest -->
    </test> <!-- Task tests -->
  </suite> <!-- todoist -->
</testng-results>
